
::1 - - [27/Feb/2021:01:30:51 +0000] "GET /api/contacts/ HTTP/1.1" 200 576 "-" "PostmanRuntime/7.26.10"
::1 - - [27/Feb/2021:01:30:57 +0000] "GET /api/contacts/60398bab5f46e839b8bec32b HTTP/1.1" 200 329 "-" "PostmanRuntime/7.26.10"
::1 - - [27/Feb/2021:01:31:05 +0000] "POST /api/contacts/ HTTP/1.1" 500 172 "-" "PostmanRuntime/7.26.10"
::1 - - [27/Feb/2021:01:31:27 +0000] "POST /api/contacts/ HTTP/1.1" 201 324 "-" "PostmanRuntime/7.26.10"
::1 - - [27/Feb/2021:01:31:53 +0000] "PATCH /api/contacts/60398bab5f46e839b8bec32b1sdsd HTTP/1.1" 400 77 "-" "PostmanRuntime/7.26.10"
::1 - - [27/Feb/2021:01:32:17 +0000] "PATCH /api/contacts/6039a0ef39841e244cd26703 HTTP/1.1" 200 318 "-" "PostmanRuntime/7.26.10"
::1 - - [27/Feb/2021:01:32:44 +0000] "GET /api/contacts/ HTTP/1.1" 200 816 "-" "PostmanRuntime/7.26.10"
::1 - - [27/Feb/2021:01:33:07 +0000] "DELETE /api/contacts/60398bab5f46e839b8bec32b HTTP/1.1" 200 331 "-" "PostmanRuntime/7.26.10"
::1 - - [27/Feb/2021:01:49:50 +0000] "GET /api/contacts/ HTTP/1.1" 200 1696 "-" "PostmanRuntime/7.26.10"
::1 - - [27/Feb/2021:02:14:24 +0000] "POST /api/contacts/ HTTP/1.1" 400 117 "-" "PostmanRuntime/7.26.10"
::1 - - [27/Feb/2021:02:14:46 +0000] "POST /api/contacts/ HTTP/1.1" 500 163 "-" "PostmanRuntime/7.26.10"
::1 - - [27/Feb/2021:02:15:58 +0000] "POST /api/contacts/ HTTP/1.1" 201 292 "-" "PostmanRuntime/7.26.10"
::1 - - [27/Feb/2021:02:16:08 +0000] "GET /api/contacts/ HTTP/1.1" 200 1909 "-" "PostmanRuntime/7.26.10"
::1 - - [27/Feb/2021:02:16:35 +0000] "DELETE /api/contacts/6039ab5ecc476120248198d9 HTTP/1.1" 200 292 "-" "PostmanRuntime/7.26.10"
::1 - - [27/Feb/2021:02:21:58 +0000] "POST /api/contacts/ HTTP/1.1" 400 86 "-" "PostmanRuntime/7.26.10"
::1 - - [27/Feb/2021:02:22:14 +0000] "POST /api/contacts/ HTTP/1.1" 400 91 "-" "PostmanRuntime/7.26.10"
::1 - - [27/Feb/2021:02:22:21 +0000] "POST /api/contacts/ HTTP/1.1" 201 313 "-" "PostmanRuntime/7.26.10"
::1 - - [27/Feb/2021:02:22:30 +0000] "POST /api/contacts/ HTTP/1.1" 500 185 "-" "PostmanRuntime/7.26.10"
::1 - - [27/Feb/2021:02:23:23 +0000] "DELETE /api/contacts/6039acdcbf6f1e0c70123d68 HTTP/1.1" 200 313 "-" "PostmanRuntime/7.26.10"
::1 - - [27/Feb/2021:02:23:27 +0000] "POST /api/contacts/ HTTP/1.1" 201 313 "-" "PostmanRuntime/7.26.10"
::1 - - [27/Feb/2021:02:32:13 +0000] "POST /api/contacts/ HTTP/1.1" 500 185 "-" "PostmanRuntime/7.26.10"
::1 - - [27/Feb/2021:02:32:20 +0000] "GET /api/contacts/ HTTP/1.1" 200 2180 "-" "PostmanRuntime/7.26.10"
::1 - - [27/Feb/2021:02:32:55 +0000] "GET /api/contacts/ HTTP/1.1" 200 2180 "-" "PostmanRuntime/7.26.10"
